<?xml version="1.0" encoding="UTF-8"?>
<!-- Generated by org.testng.reporters.JUnitXMLReporter -->
<testsuite hostname="NYC-MXL43819LK" ignored="0" name="Test" tests="1" failures="0" timestamp="13 Feb 2019 17:08:32 GMT" time="0.04" errors="0">
  <testcase name="@BeforeClass getSetUp" time="0.009" classname="tests.BaseTest">
    <failure type="java.lang.NullPointerException">
      <![CDATA[java.lang.NullPointerException
at java.util.Hashtable.put(Unknown Source)
at java.util.Properties.setProperty(Unknown Source)
at java.lang.System.setProperty(Unknown Source)
at tests.BaseTest.getSetUp(BaseTest.java:28)
... Removed 26 stack frames]]>
    </failure>
  </testcase> <!-- @BeforeClass getSetUp -->
  <testcase name="@BeforeMethod getURL" time="0.0" classname="tests.BaseTest">
    <skipped/>
  </testcase> <!-- @BeforeMethod getURL -->
  <testcase name="@AfterMethod segregateTests" time="0.0" classname="tests.BaseTest">
    <skipped/>
  </testcase> <!-- @AfterMethod segregateTests -->
  <testcase name="@AfterClass closeBrowsers" time="0.0" classname="tests.BaseTest">
    <skipped/>
  </testcase> <!-- @AfterClass closeBrowsers -->
  <testcase name="validateSearchField" time="0.0" classname="tests.ValidatingSearchfield">
    <skipped/>
  </testcase> <!-- validateSearchField -->
</testsuite> <!-- Test -->
